
SQL*Loader: Release 12.1.0.2.0 - Production on Mon Sep 19 14:11:02 2016

Copyright (c) 1982, 2014, Oracle and/or its affiliates.  All rights reserved.

Control File:   Address.ctl
Character Set UTF8 specified for all input.

Data File:      Address.txt
  Bad File:     Address.bad
  Discard File:  none specified
 
 (Allow all discards)

Number to load: ALL
Number to skip: 1
Errors allowed: 50
Bind array:     64 rows, maximum of 256000 bytes
Continuation:    none specified
Path used:      Conventional

Table IMP_AD, loaded from every logical record.
Insert option in effect for this table: TRUNCATE
TRAILING NULLCOLS option in effect

   Column Name                  Position   Len  Term Encl Datatype
------------------------------ ---------- ----- ---- ---- ---------------------
ADREF                               FIRST     *   ,  O(") CHARACTER            
ADNO                                 NEXT     *   ,  O(") CHARACTER            
ADCOMP                               NEXT     *   ,  O(") CHARACTER            
ADSTR                                NEXT     *   ,  O(") CHARACTER            
ADCITY                               NEXT     *   ,  O(") CHARACTER            
ADZIP                                NEXT     *   ,  O(") CHARACTER            
ADLNGREF                             NEXT     *   ,  O(") CHARACTER            
ADPRTREF                             NEXT     *   ,  O(") CHARACTER            
ADCNTRREF                            NEXT     *   ,  O(") CHARACTER            
ADNAME                               NEXT     *   ,  O(") CHARACTER            
ADLINE2                              NEXT     *   ,  O(") CHARACTER            
ADLINE3                              NEXT     *   ,  O(") CHARACTER            
ADSTAT                               NEXT     *   ,  O(") CHARACTER            
ADCNTY                               NEXT     *   ,  O(") CHARACTER            
ADREM                                NEXT     *   ,  O(") CHARACTER            
ADCRMNO                              NEXT     *   ,  O(") CHARACTER            
ADINTSTAT                            NEXT     *   ,  O(") CHARACTER            

value used for ROWS parameter changed from 64 to 58

Table IMP_AD:
  47032 Rows successfully loaded.
  0 Rows not loaded due to data errors.
  0 Rows not loaded because all WHEN clauses were failed.
  0 Rows not loaded because all fields were null.


Space allocated for bind array:                 254388 bytes(58 rows)
Read   buffer bytes: 1048576

Total logical records skipped:          1
Total logical records read:         47032
Total logical records rejected:         0
Total logical records discarded:        0

Run began on Mon Sep 19 14:11:02 2016
Run ended on Mon Sep 19 14:11:04 2016

Elapsed time was:     00:00:01.67
CPU time was:         00:00:00.28
