
SQL*Loader: Release 12.1.0.2.0 - Production on Mon Sep 19 14:11:07 2016

Copyright (c) 1982, 2014, Oracle and/or its affiliates.  All rights reserved.

Control File:   CustomerRelation.ctl
Character Set UTF8 specified for all input.

Data File:      CustomerRelation.txt
  Bad File:     CustomerRelation.bad
  Discard File:  none specified
 
 (Allow all discards)

Number to load: ALL
Number to skip: 1
Errors allowed: 50
Bind array:     64 rows, maximum of 256000 bytes
Continuation:    none specified
Path used:      Conventional

Table IMP_CR, loaded from every logical record.
Insert option in effect for this table: TRUNCATE
TRAILING NULLCOLS option in effect

   Column Name                  Position   Len  Term Encl Datatype
------------------------------ ---------- ----- ---- ---- ---------------------
CRTYPE                              FIRST     *   ,  O(") CHARACTER            
CRCOMP                               NEXT     *   ,  O(") CHARACTER            
CRPRTFROM                            NEXT     *   ,  O(") CHARACTER            
CRPRTTO                              NEXT     *   ,  O(") CHARACTER            
CRDTFROM                             NEXT     *   ,  O(") CHARACTER            
CRDTTO                               NEXT     *   ,  O(") CHARACTER            
CRACTION                             NEXT     *   ,  O(") CHARACTER            


Table IMP_CR:
  330 Rows successfully loaded.
  0 Rows not loaded due to data errors.
  0 Rows not loaded because all WHEN clauses were failed.
  0 Rows not loaded because all fields were null.


Space allocated for bind array:                 115584 bytes(64 rows)
Read   buffer bytes: 1048576

Total logical records skipped:          1
Total logical records read:           330
Total logical records rejected:         0
Total logical records discarded:        0

Run began on Mon Sep 19 14:11:07 2016
Run ended on Mon Sep 19 14:11:07 2016

Elapsed time was:     00:00:00.06
CPU time was:         00:00:00.01
