
SQL*Loader: Release 12.1.0.2.0 - Production on Tue Sep 20 14:44:05 2016

Copyright (c) 1982, 2014, Oracle and/or its affiliates.  All rights reserved.

Control File:   AddressRole.ctl
Character Set UTF8 specified for all input.

Data File:      AddressRole.txt
  Bad File:     AddressRole.bad
  Discard File:  none specified
 
 (Allow all discards)

Number to load: ALL
Number to skip: 1
Errors allowed: 50
Bind array:     64 rows, maximum of 256000 bytes
Continuation:    none specified
Path used:      Conventional

Table IMP_ADR, loaded from every logical record.
Insert option in effect for this table: TRUNCATE
TRAILING NULLCOLS option in effect

   Column Name                  Position   Len  Term Encl Datatype
------------------------------ ---------- ----- ---- ---- ---------------------
ADRREF                              FIRST     *   ,  O(") CHARACTER            
ADRCOMP                              NEXT     *   ,  O(") CHARACTER            
ADRADREF                             NEXT     *   ,  O(") CHARACTER            
ADRRTYPE                             NEXT     *   ,  O(") CHARACTER            


Table IMP_ADR:
  280 Rows successfully loaded.
  0 Rows not loaded due to data errors.
  0 Rows not loaded because all WHEN clauses were failed.
  0 Rows not loaded because all fields were null.


Space allocated for bind array:                  66048 bytes(64 rows)
Read   buffer bytes: 1048576

Total logical records skipped:          1
Total logical records read:           280
Total logical records rejected:         0
Total logical records discarded:        0

Run began on Tue Sep 20 14:44:05 2016
Run ended on Tue Sep 20 14:44:05 2016

Elapsed time was:     00:00:00.03
CPU time was:         00:00:00.01
