test3 
No error : laod partner data finished 
error : laod partner data finished with error 
No error : laod partner data finished 
 error : checkload 
error : laod partner data finished with error 
No error : laod partner data finished 
error : laod partner data finished with error 
No error : laod partner data finished 
 error : checkload 
error : laod partner data finished with error 
No error : laod partner data finished 
 error : checkload 
error : laod partner data finished with error 
No error : laod partner data finished 
 error : checkload 
error : laod partner data finished with error 
No error : laod partner data finished 
 error : checkload 
error : laod partner data finished with error 
No error : laod partner data finished 
 error : checkload 
 error : checkload 
 error : checkload 
 error : checkload 
 error : checkload 
error : laod partner data finished with error 
error : laod partner data finished with error 
error : laod partner data finished with error 
error : laod partner data finished with error 
error : laod partner data finished with error 
No error : laod partner data finished 
 error : checkload 
error : laod partner data finished with error 
No error : laod partner data finished 
error : laod partner data finished with error 
No error : laod partner data finished 
error : laod partner data finished with error 
No error : laod partner data finished 
error : laod partner data finished with error 
No error : laod partner data finished 
error : laod partner data finished with error 
No error : laod partner data finished 
 error : checkload 
error : laod partner data finished with error 
No error : laod partner data finished 
 error : checkload 
error : laod partner data finished with error 
No error : laod partner data finished 
 error : checkload 
error : laod partner data finished with error 
No error : laod partner data finished 
error : laod partner data finished with error 
No error : laod partner data finished 
 error : checkload 
error : laod partner data finished with error 
No error : laod partner data finished 
 error : checkload 
error : laod partner data finished with error 
No error : laod partner data finished 
error : laod partner data finished with error 
No error : laod partner data finished 
 error : checkload 
error : laod partner data finished with error 
No error : laod partner data finished 
error : laod partner data finished with error 
error : laod partner data finished with error 
error : laod partner data finished with error 
error : laod partner data finished with error 
error : laod partner data finished with error 
error : laod partner data finished with error 
error : laod partner data finished with error 
error : laod partner data finished with error 
error : laod partner data finished with error 
error : laod partner data finished with error 
error : laod partner data finished with error 
error : laod partner data finished with error 
error : laod partner data finished with error 
error : laod partner data finished with errors 
 loadcustomer 
error : laod partner data finished with error 
error : laod partner data finished with errors 
error : laod partner data finished with error 
error : laod partner data finished with errors 
error : laod partner data finished with error 
error : laod partner data finished with errors 
No error : laod partner data finished 
error : laod partner data finished with error 
error : laod partner data finished with errors 
